<?xml version="1.0" encoding="UTF-8"?>
<testng-results skipped="0" failed="0" ignored="0" total="1" passed="1">
  <reporter-output>
  </reporter-output>
  <suite name="Default suite" duration-ms="37947" started-at="2017-10-10T13:21:48Z" finished-at="2017-10-10T13:22:26Z">
    <groups>
      <group name="cucumber">
        <method signature="AbstractTestNGCucumberTests.feature(cucumber.api.testng.CucumberFeatureWrapper)[pri:0, instance:TestRunner.Runner@2038ae61]" name="feature" class="cucumber.api.testng.AbstractTestNGCucumberTests"/>
      </group> <!-- cucumber -->
    </groups>
    <test name="Default test" duration-ms="37947" started-at="2017-10-10T13:21:48Z" finished-at="2017-10-10T13:22:26Z">
      <class name="TestRunner.Runner">
        <test-method status="PASS" signature="setUpClass()[pri:0, instance:TestRunner.Runner@2038ae61]" name="setUpClass" is-config="true" duration-ms="339" started-at="2017-10-10T14:21:48Z" finished-at="2017-10-10T14:21:48Z">
          <reporter-output>
          </reporter-output>
        </test-method> <!-- setUpClass -->
        <test-method status="PASS" signature="beforeTest()[pri:0, instance:TestRunner.Runner@2038ae61]" name="beforeTest" is-config="true" duration-ms="3029" started-at="2017-10-10T14:21:48Z" finished-at="2017-10-10T14:21:51Z">
          <reporter-output>
          </reporter-output>
        </test-method> <!-- beforeTest -->
        <test-method status="PASS" signature="feature(cucumber.api.testng.CucumberFeatureWrapper)[pri:0, instance:TestRunner.Runner@2038ae61]" name="feature" duration-ms="32519" started-at="2017-10-10T14:21:51Z" description="Runs Cucumber Feature" data-provider="features" finished-at="2017-10-10T14:22:24Z">
          <params>
            <param index="0">
              <value>
                <![CDATA[Login Functionality]]>
              </value>
            </param>
          </params>
          <reporter-output>
          </reporter-output>
        </test-method> <!-- feature -->
        <test-method status="PASS" signature="afterTest()[pri:0, instance:TestRunner.Runner@2038ae61]" name="afterTest" is-config="true" duration-ms="1932" started-at="2017-10-10T14:22:24Z" finished-at="2017-10-10T14:22:26Z">
          <reporter-output>
          </reporter-output>
        </test-method> <!-- afterTest -->
        <test-method status="PASS" signature="tearDownClass()[pri:0, instance:TestRunner.Runner@2038ae61]" name="tearDownClass" is-config="true" duration-ms="14" started-at="2017-10-10T14:22:26Z" finished-at="2017-10-10T14:22:26Z">
          <reporter-output>
          </reporter-output>
        </test-method> <!-- tearDownClass -->
      </class> <!-- TestRunner.Runner -->
    </test> <!-- Default test -->
  </suite> <!-- Default suite -->
</testng-results>
